<?xml version="1.0" encoding="UTF-8" ?>
<testsuite errors="0" failures="0" hostname="KIMTHOA-PC" name="ntut.csie.AllTest.AllJUnitPluginTests" tests="70" time="0.0" timestamp="2013-10-23T08:59:21">
  <properties>
    <property name="java.runtime.name" value="Java(TM) SE Runtime Environment" />
    <property name="sun.boot.library.path" value="C:\Program Files\Java\jdk1.6.0_35\jre\bin" />
    <property name="java.vm.version" value="20.10-b01" />
    <property name="java.vm.vendor" value="Sun Microsystems Inc." />
    <property name="java.vendor.url" value="http://java.sun.com/" />
    <property name="path.separator" value=";" />
    <property name="java.vm.name" value="Java HotSpot(TM) 64-Bit Server VM" />
    <property name="file.encoding.pkg" value="sun.io" />
    <property name="user.country" value="US" />
    <property name="sun.java.launcher" value="SUN_STANDARD" />
    <property name="sun.os.patch.level" value="Service Pack 1" />
    <property name="java.vm.specification.name" value="Java Virtual Machine Specification" />
    <property name="user.dir" value="D:\workspace\Robusta" />
    <property name="java.runtime.version" value="1.6.0_35-b10" />
    <property name="java.awt.graphicsenv" value="sun.awt.Win32GraphicsEnvironment" />
    <property name="java.endorsed.dirs" value="C:\Program Files\Java\jdk1.6.0_35\jre\lib\endorsed" />
    <property name="os.arch" value="amd64" />
    <property name="java.io.tmpdir" value="C:\Users\KIMTHOA\AppData\Local\Temp\" />
    <property name="line.separator" value="
" />
    <property name="java.vm.specification.vendor" value="Sun Microsystems Inc." />
    <property name="user.variant" value="" />
    <property name="os.name" value="Windows 7" />
    <property name="sun.jnu.encoding" value="Cp1252" />
    <property name="java.library.path" value="C:\Program Files\Java\jdk1.6.0_35\jre\bin;C:\Windows\Sun\Java\bin;C:\Windows\system32;C:\Windows;C:\Program Files (x86)\Intel\iCLS Client\;C:\Program Files\Intel\iCLS Client\;C:\Windows\system32;C:\Windows;C:\Windows\System32\Wbem;C:\Windows\System32\WindowsPowerShell\v1.0\;C:\Program Files\Intel\Intel(R) Management Engine Components\DAL;C:\Program Files\Intel\Intel(R) Management Engine Components\IPT;C:\Program Files (x86)\Intel\Intel(R) Management Engine Components\DAL;C:\Program Files (x86)\Intel\Intel(R) Management Engine Components\IPT;C:\apache-ant-1.9.2\bin;C:\Program Files\Java\jdk1.6.0_35\jre\bin;C:\Program Files\Java\jdk1.6.0_35\bin;." />
    <property name="java.specification.name" value="Java Platform API Specification" />
    <property name="java.class.version" value="50.0" />
    <property name="sun.management.compiler" value="HotSpot 64-Bit Tiered Compilers" />
    <property name="os.version" value="6.1" />
    <property name="user" value="admin -Dpasswd=admin" />
    <property name="user.home" value="C:\Users\KIMTHOA" />
    <property name="user.timezone" value="" />
    <property name="java.awt.printerjob" value="sun.awt.windows.WPrinterJob" />
    <property name="DEBUG" value="true" />
    <property name="file.encoding" value="Cp1252" />
    <property name="java.specification.version" value="1.6" />
    <property name="java.class.path" value="D:\workspace\Robusta\bin;D:\workspace\Robusta\lib;D:\workspace\Robusta\lib\net.java.amateras.umleditor_1.3.1.jar;D:\workspace\Robusta\lib\net.java.amateras.umleditor.java_1.3.1.jar;D:\workspace\Robusta\lib\net.java.amateras.xstream_1.3.1.jar;D:\workspace\Robusta\lib\org.eclipse.draw2d_3.2.100.v20070529.jar;D:\workspace\Robusta\lib\org.eclipse.gef_3.2.101.v20070814.jar;D:\workspace\Robusta\lib\org.eclipse.jdt.astview_1.1.3.jar;D:\eclipse\plugins\org.eclipse.ui_3.6.2.M20110203-1100.jar;D:\eclipse\plugins\org.eclipse.swt_3.6.2.v3659c.jar;D:\eclipse\plugins\org.eclipse.swt.win32.win32.x86_64_3.6.2.v3659c.jar;D:\eclipse\plugins\org.eclipse.jface_3.6.2.M20110210-1200.jar;D:\eclipse\plugins\org.eclipse.core.commands_3.6.0.I20100512-1500.jar;D:\eclipse\plugins\org.eclipse.ui.workbench_3.6.2.M20110210-1200.jar;D:\eclipse\plugins\org.eclipse.core.runtime_3.6.0.v20100505.jar;D:\eclipse\plugins\org.eclipse.osgi_3.6.2.R36x_v20110210.jar;D:\eclipse\plugins\org.eclipse.equinox.common_3.6.0.v20100503.jar;D:\eclipse\plugins\org.eclipse.core.jobs_3.5.1.R36x_v20100824.jar;D:\eclipse\plugins\org.eclipse.core.runtime.compatibility.registry_3.3.0.v20100520\runtime_registry_compatibility.jar;D:\eclipse\plugins\org.eclipse.equinox.registry_3.5.0.v20100503.jar;D:\eclipse\plugins\org.eclipse.equinox.preferences_3.3.0.v20100503.jar;D:\eclipse\plugins\org.eclipse.core.contenttype_3.4.100.v20100505-1235.jar;D:\eclipse\plugins\org.eclipse.equinox.app_1.3.1.R36x_v20100803.jar;D:\eclipse\plugins\org.eclipse.jdt_3.6.1.v201102101200.jar;D:\eclipse\plugins\org.eclipse.jdt.core_3.6.2.v_A76_R36x.jar;D:\eclipse\plugins\org.eclipse.jdt.compiler.apt_1.0.300.v20100513-0845.jar;D:\eclipse\plugins\org.eclipse.jdt.compiler.tool_1.0.100.v_A76_R36x.jar;D:\eclipse\plugins\org.eclipse.core.resources_3.6.1.R36x_v20110131-1630.jar;D:\eclipse\plugins\org.eclipse.ltk.core.refactoring_3.5.101.r362_v20101117-0800.jar;D:\eclipse\plugins\org.eclipse.ltk.ui.refactoring_3.5.0.v20100526-0800.jar;D:\eclipse\plugins\org.eclipse.jface.text_3.6.1.r361_v20100825-0800.jar;D:\eclipse\plugins\org.eclipse.text_3.5.0.v20100601-1300.jar;D:\eclipse\plugins\org.eclipse.ui.editors_3.6.1.r361_v20100825-0800.jar;D:\eclipse\plugins\org.eclipse.core.filebuffers_3.5.100.v20100520-0800.jar;D:\eclipse\plugins\org.eclipse.jdt.ui_3.6.2.r362_v20110203.jar;D:\eclipse\plugins\org.eclipse.ui.workbench.texteditor_3.6.1.r361_v20100714-0800.jar;D:\eclipse\plugins\org.eclipse.ui.console_3.5.0.v20100526.jar;D:\eclipse\plugins\org.eclipse.ui.ide_3.6.2.M20101201-0800.jar;D:\eclipse\plugins\org.eclipse.compare_3.5.101.R36x_v20100929-0800.jar;D:\eclipse\plugins\org.eclipse.compare.core_3.5.101.R36x_v20100929-0800.jar;D:\eclipse\plugins\org.eclipse.jdt.junit_3.6.1.r361_v20100825-0800.jar;D:\eclipse\plugins\org.eclipse.jdt.junit.core_3.6.1.r361_v20100825-0800.jar;D:\eclipse\plugins\net.java.amateras.umleditor_1.3.4.jar;D:\eclipse\plugins\net.java.amateras.umleditor.java_1.3.4.jar;D:\eclipse\plugins\net.java.amateras.xstream_1.3.4.jar;D:\eclipse\plugins\org.eclipse.draw2d_3.6.2.v20110128-0100.jar;D:\eclipse\plugins\org.eclipse.gef_3.6.2.v20110110-2020.jar;D:\eclipse\plugins\org.eclipse.jdt.launching_3.5.200.v20110105_r362.jar;D:\eclipse\plugins\org.junit_4.8.1.v4_8_1_v20100427-1100\junit.jar;D:\eclipse\plugins\org.hamcrest.core_1.1.0.v20090501071000.jar;D:\eclipse\plugins\org.eclipse.jdt.astview_1.1.7.201103211622.jar;D:\eclipse\plugins\org.eclipse.jdt.core.manipulation_1.3.0.v20100520-0800.jar;D:\eclipse\plugins\org.apache.ant_1.7.1.v20100518-1145\lib\ant.jar;D:\eclipse\plugins\org.apache.ant_1.7.1.v20100518-1145\lib\ant-antlr.jar;D:\eclipse\plugins\org.apache.ant_1.7.1.v20100518-1145\lib\ant-apache-bcel.jar;D:\eclipse\plugins\org.apache.ant_1.7.1.v20100518-1145\lib\ant-apache-bsf.jar;D:\eclipse\plugins\org.apache.ant_1.7.1.v20100518-1145\lib\ant-apache-log4j.jar;D:\eclipse\plugins\org.apache.ant_1.7.1.v20100518-1145\lib\ant-apache-oro.jar;D:\eclipse\plugins\org.apache.ant_1.7.1.v20100518-1145\lib\ant-apache-regexp.jar;D:\eclipse\plugins\org.apache.ant_1.7.1.v20100518-1145\lib\ant-apache-resolver.jar;D:\eclipse\plugins\org.apache.ant_1.7.1.v20100518-1145\lib\ant-commons-logging.jar;D:\eclipse\plugins\org.apache.ant_1.7.1.v20100518-1145\lib\ant-commons-net.jar;D:\eclipse\plugins\org.apache.ant_1.7.1.v20100518-1145\lib\ant-jai.jar;D:\eclipse\plugins\org.apache.ant_1.7.1.v20100518-1145\lib\ant-javamail.jar;D:\eclipse\plugins\org.apache.ant_1.7.1.v20100518-1145\lib\ant-jdepend.jar;D:\eclipse\plugins\org.apache.ant_1.7.1.v20100518-1145\lib\ant-jmf.jar;D:\eclipse\plugins\org.apache.ant_1.7.1.v20100518-1145\lib\ant-jsch.jar;D:\eclipse\plugins\org.apache.ant_1.7.1.v20100518-1145\lib\ant-junit.jar;D:\eclipse\plugins\org.apache.ant_1.7.1.v20100518-1145\lib\ant-launcher.jar;D:\eclipse\plugins\org.apache.ant_1.7.1.v20100518-1145\lib\ant-netrexx.jar;D:\eclipse\plugins\org.apache.ant_1.7.1.v20100518-1145\lib\ant-nodeps.jar;D:\eclipse\plugins\org.apache.ant_1.7.1.v20100518-1145\lib\ant-starteam.jar;D:\eclipse\plugins\org.apache.ant_1.7.1.v20100518-1145\lib\ant-stylebook.jar;D:\eclipse\plugins\org.apache.ant_1.7.1.v20100518-1145\lib\ant-swing.jar;D:\eclipse\plugins\org.apache.ant_1.7.1.v20100518-1145\lib\ant-trax.jar;D:\eclipse\plugins\org.apache.ant_1.7.1.v20100518-1145\lib\ant-weblogic.jar;D:\eclipse\plugins\org.eclipse.ui.views_3.5.1.M20110202-0800.jar;D:\workspace\Robusta\lib\commons-lang-2.3.jar;D:\workspace\Robusta\lib\slf4j-api-1.5.0.jar;D:\workspace\Robusta\lib\slf4j-log4j12-1.5.0.jar;D:\workspace\Robusta\lib\log4j-1.2.15.jar;D:\workspace\Robusta\lib\jdom.jar;D:\workspace\Robusta\lib\jfreechart-1.0.8a.jar;D:\workspace\Robusta\lib\jcommon-1.0.12.jar;D:\workspace\Robusta\lib\loc_counter.jar" />
    <property name="user.name" value="KIMTHOA" />
    <property name="java.vm.specification.version" value="1.0" />
    <property name="sun.java.command" value="pde.test.utils.PDETestResultsCollector ntut.csie.AllTest.AllJUnitPluginTests 49204" />
    <property name="java.home" value="C:\Program Files\Java\jdk1.6.0_35\jre" />
    <property name="sun.arch.data.model" value="64" />
    <property name="user.language" value="en" />
    <property name="java.specification.vendor" value="Sun Microsystems Inc." />
    <property name="awt.toolkit" value="sun.awt.windows.WToolkit" />
    <property name="java.vm.info" value="mixed mode" />
    <property name="java.version" value="1.6.0_35" />
    <property name="java.ext.dirs" value="C:\Program Files\Java\jdk1.6.0_35\jre\lib\ext;C:\Windows\Sun\Java\lib\ext" />
    <property name="sun.boot.class.path" value="C:\Program Files\Java\jdk1.6.0_35\jre\lib\resources.jar;C:\Program Files\Java\jdk1.6.0_35\jre\lib\rt.jar;C:\Program Files\Java\jdk1.6.0_35\jre\lib\sunrsasign.jar;C:\Program Files\Java\jdk1.6.0_35\jre\lib\jsse.jar;C:\Program Files\Java\jdk1.6.0_35\jre\lib\jce.jar;C:\Program Files\Java\jdk1.6.0_35\jre\lib\charsets.jar;C:\Program Files\Java\jdk1.6.0_35\jre\lib\modules\jdk.boot.jar;C:\Program Files\Java\jdk1.6.0_35\jre\classes" />
    <property name="java.vendor" value="Sun Microsystems Inc." />
    <property name="file.separator" value="\" />
    <property name="java.vendor.url.bug" value="http://java.sun.com/cgi-bin/bugreport.cgi" />
    <property name="sun.io.unicode.encoding" value="UnicodeLittle" />
    <property name="sun.cpu.endian" value="little" />
    <property name="sun.desktop" value="windows" />
    <property name="sun.cpu.isalist" value="amd64" />
  </properties>
  <testcase classname="pde.test.utils.PDETestListener$WrapperTestCase" name="testFindCurrentMethod(ntut.csie.csdet.quickfix.BaseQuickFixTest)" time="1.13" />
  <testcase classname="pde.test.utils.PDETestListener$WrapperTestCase" name="testGetChange(ntut.csie.csdet.quickfix.BaseQuickFixTest)" time="0.191" />
  <testcase classname="pde.test.utils.PDETestListener$WrapperTestCase" name="testFindMethod(ntut.csie.csdet.refactor.CarelessCleanUpRefactorTest)" time="0.22" />
  <testcase classname="pde.test.utils.PDETestListener$WrapperTestCase" name="testGetCurrentMethodNode(ntut.csie.csdet.refactor.CarelessCleanUpRefactorTest)" time="0.17" />
  <testcase classname="pde.test.utils.PDETestListener$WrapperTestCase" name="testSetNewMethodName(ntut.csie.csdet.refactor.CarelessCleanUpRefactorTest)" time="0.11" />
  <testcase classname="pde.test.utils.PDETestListener$WrapperTestCase" name="testSetNewType(ntut.csie.csdet.refactor.CarelessCleanUpRefactorTest)" time="0.11" />
  <testcase classname="pde.test.utils.PDETestListener$WrapperTestCase" name="testDetectIfStatementSize(ntut.csie.csdet.refactor.CarelessCleanUpRefactorTest)" time="0.29" />
  <testcase classname="pde.test.utils.PDETestListener$WrapperTestCase" name="testCheckInitialConditions(ntut.csie.csdet.refactor.CarelessCleanUpRefactorTest)" time="0.26" />
  <testcase classname="pde.test.utils.PDETestListener$WrapperTestCase" name="testFindSmellMessage(ntut.csie.csdet.refactor.CarelessCleanUpRefactorTest)" time="0.19" />
  <testcase classname="pde.test.utils.PDETestListener$WrapperTestCase" name="testFindTryStatement(ntut.csie.csdet.refactor.CarelessCleanUpRefactorTest)" time="0.11" />
  <testcase classname="pde.test.utils.PDETestListener$WrapperTestCase" name="testAddFinallyBlock(ntut.csie.csdet.refactor.CarelessCleanUpRefactorTest)" time="0.1" />
  <testcase classname="pde.test.utils.PDETestListener$WrapperTestCase" name="testDeleteBlockStatement(ntut.csie.csdet.refactor.CarelessCleanUpRefactorTest)" time="0.1" />
  <testcase classname="pde.test.utils.PDETestListener$WrapperTestCase" name="testDeleteCleanUpLine(ntut.csie.csdet.refactor.CarelessCleanUpRefactorTest)" time="0.1" />
  <testcase classname="pde.test.utils.PDETestListener$WrapperTestCase" name="testMoveInstance(ntut.csie.csdet.refactor.CarelessCleanUpRefactorTest)" time="0.11" />
  <testcase classname="pde.test.utils.PDETestListener$WrapperTestCase" name="testAddImportPackage(ntut.csie.csdet.refactor.CarelessCleanUpRefactorTest)" time="0.09" />
  <testcase classname="pde.test.utils.PDETestListener$WrapperTestCase" name="testCreateNewMethod(ntut.csie.csdet.refactor.CarelessCleanUpRefactorTest)" time="0.09" />
  <testcase classname="pde.test.utils.PDETestListener$WrapperTestCase" name="testAddMethodInFinally(ntut.csie.csdet.refactor.CarelessCleanUpRefactorTest)" time="0.08" />
  <testcase classname="pde.test.utils.PDETestListener$WrapperTestCase" name="testIsExistenceWithMethodNodeListSizeIsZero(ntut.csie.csdet.refactor.OverLoggingRefactorTest)" time="0.11" />
  <testcase classname="pde.test.utils.PDETestListener$WrapperTestCase" name="testIsExistenceWithNoDuplicateMethod(ntut.csie.csdet.refactor.OverLoggingRefactorTest)" time="0.11" />
  <testcase classname="pde.test.utils.PDETestListener$WrapperTestCase" name="testIsExistenceWithDuplicateMethods(ntut.csie.csdet.refactor.OverLoggingRefactorTest)" time="0.11" />
  <testcase classname="pde.test.utils.PDETestListener$WrapperTestCase" name="testAddFixListWithUnitListSizeIsZero(ntut.csie.csdet.refactor.OverLoggingRefactorTest)" time="0.11" />
  <testcase classname="pde.test.utils.PDETestListener$WrapperTestCase" name="testAddFixListWithDuplicateMethods(ntut.csie.csdet.refactor.OverLoggingRefactorTest)" time="0.11" />
  <testcase classname="pde.test.utils.PDETestListener$WrapperTestCase" name="testAddFixListWithNoDuplicateMethod(ntut.csie.csdet.refactor.OverLoggingRefactorTest)" time="0.1" />
  <testcase classname="pde.test.utils.PDETestListener$WrapperTestCase" name="testGetIsKeepTrace(ntut.csie.csdet.refactor.OverLoggingRefactorTest)" time="0.13" />
  <testcase classname="pde.test.utils.PDETestListener$WrapperTestCase" name="testDeleteCatchStatementWithIncorrectStatement(ntut.csie.csdet.refactor.OverLoggingRefactorTest)" time="0.12" />
  <testcase classname="pde.test.utils.PDETestListener$WrapperTestCase" name="testDeleteCatchStatementWithcorrectStatement(ntut.csie.csdet.refactor.OverLoggingRefactorTest)" time="0.11" />
  <testcase classname="pde.test.utils.PDETestListener$WrapperTestCase" name="testDeleteMessageWithNoMessageDeleted(ntut.csie.csdet.refactor.OverLoggingRefactorTest)" time="0.09" />
  <testcase classname="pde.test.utils.PDETestListener$WrapperTestCase" name="testDeleteMessageWithDeletingMessage(ntut.csie.csdet.refactor.OverLoggingRefactorTest)" time="0.1" />
  <testcase classname="pde.test.utils.PDETestListener$WrapperTestCase" name="testTransMethodNode(ntut.csie.csdet.refactor.OverLoggingRefactorTest)" time="0.1" />
  <testcase classname="pde.test.utils.PDETestListener$WrapperTestCase" name="testFindMethodIndexWithBeingIndex(ntut.csie.csdet.refactor.OverLoggingRefactorTest)" time="0.11" />
  <testcase classname="pde.test.utils.PDETestListener$WrapperTestCase" name="testFindMethodIndexWithNonexistIndex(ntut.csie.csdet.refactor.OverLoggingRefactorTest)" time="0.11" />
  <testcase classname="pde.test.utils.PDETestListener$WrapperTestCase" name="testBindMethodOnlyKnowMethodInfo(ntut.csie.csdet.refactor.OverLoggingRefactorTest)" time="3.531" />
  <testcase classname="pde.test.utils.PDETestListener$WrapperTestCase" name="testBindMethodOnlyKnowMethodIndex(ntut.csie.csdet.refactor.OverLoggingRefactorTest)" time="2.06" />
  <testcase classname="pde.test.utils.PDETestListener$WrapperTestCase" name="testObtainResourceWithIllegalResource(ntut.csie.csdet.refactor.OverLoggingRefactorTest)" time="0.09" />
  <testcase classname="pde.test.utils.PDETestListener$WrapperTestCase" name="testObtainResourceWithlegalResource(ntut.csie.csdet.refactor.OverLoggingRefactorTest)" time="0.1" />
  <testcase classname="pde.test.utils.PDETestListener$WrapperTestCase" name="testTraceCallerMethodFromMidway(ntut.csie.csdet.refactor.OverLoggingRefactorTest)" time="1.811" />
  <testcase classname="pde.test.utils.PDETestListener$WrapperTestCase" name="testTraceCalleeMethodFromMidway(ntut.csie.csdet.refactor.OverLoggingRefactorTest)" time="2.61" />
  <testcase classname="pde.test.utils.PDETestListener$WrapperTestCase" name="testApplyChange(ntut.csie.csdet.refactor.RethrowExRefactoringTest)" time="0.1" />
  <testcase classname="pde.test.utils.PDETestListener$WrapperTestCase" name="testFindMethod(ntut.csie.csdet.refactor.RethrowExRefactoringTest)" time="0.1" />
  <testcase classname="pde.test.utils.PDETestListener$WrapperTestCase" name="testCheckInitialConditions(ntut.csie.csdet.refactor.RethrowExRefactoringTest)" time="0.08" />
  <testcase classname="pde.test.utils.PDETestListener$WrapperTestCase" name="testGetThrowStatementSourceLine(ntut.csie.csdet.refactor.RethrowExRefactoringTest)" time="0.07" />
  <testcase classname="pde.test.utils.PDETestListener$WrapperTestCase" name="testSetExceptionName(ntut.csie.csdet.refactor.RethrowExRefactoringTest)" time="0.08" />
  <testcase classname="pde.test.utils.PDETestListener$WrapperTestCase" name="testAddImportRLDeclaration(ntut.csie.csdet.refactor.RethrowExRefactoringTest)" time="0.08" />
  <testcase classname="pde.test.utils.PDETestListener$WrapperTestCase" name="testAddImportDeclaration(ntut.csie.csdet.refactor.RethrowExRefactoringTest)" time="0.07" />
  <testcase classname="pde.test.utils.PDETestListener$WrapperTestCase" name="testGetRLAnnotation(ntut.csie.csdet.refactor.RethrowExRefactoringTest)" time="0.07" />
  <testcase classname="pde.test.utils.PDETestListener$WrapperTestCase" name="testAddAnnotationRoot(ntut.csie.csdet.refactor.RethrowExRefactoringTest)" time="0.08" />
  <testcase classname="pde.test.utils.PDETestListener$WrapperTestCase" name="testDeleteStatement(ntut.csie.csdet.refactor.RethrowExRefactoringTest)" time="0.07" />
  <testcase classname="pde.test.utils.PDETestListener$WrapperTestCase" name="testAddThrowStatement(ntut.csie.csdet.refactor.RethrowExRefactoringTest)" time="0.08" />
  <testcase classname="pde.test.utils.PDETestListener$WrapperTestCase" name="testCheckMethodThrow(ntut.csie.csdet.refactor.RethrowExRefactoringTest)" time="0.07" />
  <testcase classname="pde.test.utils.PDETestListener$WrapperTestCase" name="testCheckFinalConditions(ntut.csie.csdet.refactor.RethrowExRefactoringTest)" time="0.08" />
  <testcase classname="pde.test.utils.PDETestListener$WrapperTestCase" name="testCheckInitialConditions(ntut.csie.csdet.refactor.RetryRefactoringTest)" time="0.09" />
  <testcase classname="pde.test.utils.PDETestListener$WrapperTestCase" name="testCreateChange(ntut.csie.csdet.refactor.RetryRefactoringTest)" time="0.1" />
  <testcase classname="pde.test.utils.PDETestListener$WrapperTestCase" name="testSetExceptionName(ntut.csie.csdet.refactor.RetryRefactoringTest)" time="0.09" />
  <testcase classname="pde.test.utils.PDETestListener$WrapperTestCase" name="testAddImportRLDeclaration(ntut.csie.csdet.refactor.RetryRefactoringTest)" time="0.09" />
  <testcase classname="pde.test.utils.PDETestListener$WrapperTestCase" name="testAddImportDeclaration(ntut.csie.csdet.refactor.RetryRefactoringTest)" time="0.1" />
  <testcase classname="pde.test.utils.PDETestListener$WrapperTestCase" name="testGetRLAnnotation(ntut.csie.csdet.refactor.RetryRefactoringTest)" time="0.123" />
  <testcase classname="pde.test.utils.PDETestListener$WrapperTestCase" name="testSetRetryVariable(ntut.csie.csdet.refactor.RetryRefactoringTest)" time="0.135" />
  <testcase classname="pde.test.utils.PDETestListener$WrapperTestCase" name="testSetMaxAttemptNum(ntut.csie.csdet.refactor.RetryRefactoringTest)" time="0.116" />
  <testcase classname="pde.test.utils.PDETestListener$WrapperTestCase" name="testSetMaxAttemptVariable(ntut.csie.csdet.refactor.RetryRefactoringTest)" time="0.082" />
  <testcase classname="pde.test.utils.PDETestListener$WrapperTestCase" name="testSetAttemptVariable(ntut.csie.csdet.refactor.RetryRefactoringTest)" time="0.09" />
  <testcase classname="pde.test.utils.PDETestListener$WrapperTestCase" name="testFindHomogeneousExType_InnerTryStatementHoldHigherLevelExceptionType(ntut.csie.csdet.refactor.RetryRefactoringTest)" time="0.07" />
  <testcase classname="pde.test.utils.PDETestListener$WrapperTestCase" name="testFindHomogeneousExType_InnerTryStatementHoldLowerLevelExceptionType(ntut.csie.csdet.refactor.RetryRefactoringTest)" time="0.09" />
  <testcase classname="pde.test.utils.PDETestListener$WrapperTestCase" name="testFindHomogeneousExType_InnerTryStatementExceptionTypeAndOuterTryStatementExceptionWithoutParentChildRelations(ntut.csie.csdet.refactor.RetryRefactoringTest)" time="0.07" />
  <testcase classname="pde.test.utils.PDETestListener$WrapperTestCase" name="testAddNewVariable(ntut.csie.csdet.refactor.RetryRefactoringTest)" time="0.08" />
  <testcase classname="pde.test.utils.PDETestListener$WrapperTestCase" name="testAddDoWhile(ntut.csie.csdet.refactor.RetryRefactoringTest)" time="0.07" />
  <testcase classname="pde.test.utils.PDETestListener$WrapperTestCase" name="testAddTryClause(ntut.csie.csdet.refactor.RetryRefactoringTest)" time="0.08" />
  <testcase classname="pde.test.utils.PDETestListener$WrapperTestCase" name="testAddNoAltTryBlock(ntut.csie.csdet.refactor.RetryRefactoringTest)" time="0.07" />
  <testcase classname="pde.test.utils.PDETestListener$WrapperTestCase" name="testAddCatchBlock(ntut.csie.csdet.refactor.RetryRefactoringTest)" time="0.08" />
  <testcase classname="pde.test.utils.PDETestListener$WrapperTestCase" name="testCountFileLOC(ntut.csie.csdet.report.ReportBuilderIntergrationTest)" time="0.13" />
</testsuite>
